SF:lib\api_services\api_service.dart
DA:11,1
DA:12,1
DA:14,4
DA:18,1
DA:19,1
DA:24,2
DA:26,2
DA:27,1
DA:30,0
LF:9
LH:8
end_of_record
SF:lib\main.dart
DA:7,0
DA:8,0
DA:9,0
DA:10,0
DA:11,0
DA:19,2
DA:22,1
DA:24,1
DA:27,1
LF:9
LH:4
end_of_record
SF:lib\models\song_model.dart
DA:3,0
DA:4,0
DA:6,0
DA:9,1
DA:25,2
DA:26,1
DA:27,1
DA:28,1
DA:29,1
DA:30,1
DA:31,1
DA:34,0
DA:35,0
DA:36,0
DA:37,0
DA:38,0
DA:39,0
DA:40,0
LF:18
LH:8
end_of_record
SF:lib\view_models\music_player_view_model.dart
DA:10,0
DA:11,0
DA:12,0
DA:15,0
DA:16,0
DA:17,0
DA:18,0
DA:19,0
DA:20,0
DA:24,0
DA:26,0
DA:27,0
DA:29,0
DA:31,0
DA:36,0
DA:37,0
DA:38,0
LF:17
LH:0
end_of_record
SF:lib\models\music_search_model.dart
DA:5,1
DA:6,2
DA:8,0
DA:9,0
DA:12,1
DA:20,1
DA:21,1
DA:22,1
DA:23,1
DA:24,4
DA:27,0
DA:28,0
DA:29,0
LF:13
LH:8
end_of_record
SF:lib\views\music_player_screen.dart
DA:12,1
DA:14,1
DA:15,1
DA:24,1
DA:26,1
DA:27,3
DA:28,2
DA:30,0
DA:31,0
DA:35,0
DA:37,0
DA:41,3
DA:42,2
DA:43,0
DA:44,0
DA:45,0
DA:46,0
DA:50,1
DA:53,1
DA:55,2
DA:56,1
DA:59,1
DA:60,2
DA:61,4
DA:62,0
DA:63,0
DA:64,0
DA:65,0
DA:66,0
DA:71,0
DA:73,0
DA:76,0
DA:78,0
DA:81,0
DA:82,0
DA:87,0
DA:88,0
DA:89,0
DA:94,0
DA:95,0
DA:98,0
DA:102,0
DA:103,0
DA:104,0
DA:105,0
DA:106,0
DA:107,0
DA:111,1
DA:112,2
DA:113,2
DA:114,2
DA:115,2
DA:116,1
DA:117,1
DA:120,3
DA:123,1
DA:125,1
DA:126,1
DA:127,0
DA:128,1
DA:130,3
DA:131,1
DA:133,1
DA:134,1
DA:139,1
DA:141,1
DA:144,1
DA:145,1
DA:146,3
DA:149,4
DA:150,2
DA:151,2
DA:153,1
DA:164,1
DA:168,1
DA:169,1
DA:170,2
DA:171,1
DA:172,1
DA:173,1
LF:80
LH:48
end_of_record
SF:lib\views\widgets\media_player.dart
DA:5,1
DA:12,1
DA:20,1
DA:21,1
DA:30,1
DA:32,2
DA:36,3
DA:37,1
DA:40,2
DA:45,1
DA:48,1
DA:50,2
DA:51,0
DA:53,2
DA:56,2
DA:57,0
DA:59,2
DA:61,1
DA:64,1
DA:66,2
DA:67,2
DA:68,1
DA:71,0
DA:72,0
DA:73,0
DA:74,0
DA:76,0
DA:77,0
DA:81,1
DA:83,1
DA:84,1
DA:86,1
DA:87,2
DA:88,1
DA:91,1
DA:93,1
DA:94,1
DA:96,1
DA:97,1
DA:98,1
DA:100,1
DA:105,1
DA:106,1
DA:108,2
DA:111,3
LF:45
LH:37
end_of_record
SF:lib\views\widgets\search_bar.dart
DA:5,1
DA:8,1
DA:12,1
DA:14,1
DA:27,1
LF:5
LH:5
end_of_record
SF:lib\views\widgets\song_tile.dart
DA:5,1
DA:11,1
DA:18,1
DA:20,1
DA:21,4
DA:23,1
DA:24,3
DA:25,0
DA:27,3
DA:28,1
DA:30,1
DA:31,3
DA:32,3
DA:35,2
DA:38,1
DA:39,1
DA:40,2
DA:43,1
DA:49,1
DA:52,0
DA:56,0
DA:58,0
DA:61,0
DA:62,0
DA:63,0
LF:25
LH:18
end_of_record
SF:lib\views\widgets\spinner_loading.dart
DA:7,1
DA:9,0
DA:11,1
DA:13,2
DA:14,0
LF:5
LH:3
end_of_record
